c:\users\recovery\documents\education\uw c++\c++ advanced\assigment1\debug\vc141.pdb
c:\users\recovery\documents\education\uw c++\c++ advanced\assigment1\debug\vc141.idb
c:\users\recovery\documents\education\uw c++\c++ advanced\assigment1\debug\exception.obj
c:\users\recovery\documents\education\uw c++\c++ advanced\assigment1\debug\failure.obj
c:\users\recovery\documents\education\uw c++\c++ advanced\assigment1\debug\main.obj
c:\users\recovery\documents\education\uw c++\c++ advanced\assigment1\debug\myparsetest.obj
c:\users\recovery\documents\education\uw c++\c++ advanced\assigment1\debug\mypointtest.obj
c:\users\recovery\documents\education\uw c++\c++ advanced\assigment1\debug\myvectorgraphictest.obj
c:\users\recovery\documents\education\uw c++\c++ advanced\assigment1\debug\parsetest.obj
c:\users\recovery\documents\education\uw c++\c++ advanced\assigment1\debug\point.obj
c:\users\recovery\documents\education\uw c++\c++ advanced\assigment1\debug\pointtest.obj
c:\users\recovery\documents\education\uw c++\c++ advanced\assigment1\debug\test.obj
c:\users\recovery\documents\education\uw c++\c++ advanced\assigment1\debug\testregistry.obj
c:\users\recovery\documents\education\uw c++\c++ advanced\assigment1\debug\testresult.obj
c:\users\recovery\documents\education\uw c++\c++ advanced\assigment1\debug\vectorgraphic.obj
c:\users\recovery\documents\education\uw c++\c++ advanced\assigment1\debug\vectorgraphicstreamer.obj
c:\users\recovery\documents\education\uw c++\c++ advanced\assigment1\debug\vectorgraphictest.obj
c:\users\recovery\documents\education\uw c++\c++ advanced\assigment1\debug\assigment1.tlog\cl.command.1.tlog
c:\users\recovery\documents\education\uw c++\c++ advanced\assigment1\debug\assigment1.tlog\cl.read.1.tlog
c:\users\recovery\documents\education\uw c++\c++ advanced\assigment1\debug\assigment1.tlog\cl.write.1.tlog
