  Attribute.cpp
  Layer.cpp
  MyAttributeTest.cpp
  MyLayerTest.cpp
  MyPlacedGraphicTest.cpp
  MySceneReaderTest.cpp
  MySceneTest.cpp
  MyVectorGraphicTest.cpp
  MyXmlReaderTest.cpp
  PlacedGraphic.cpp
  PlacedGraphicTest.cpp
  Scene.cpp
  SceneReader.cpp
  SceneReaderTest.cpp
  SceneTest.cpp
  SceneWriter.cpp
  SceneWriterTest.cpp
  VectorGraphic.cpp
  VectorGraphicStreamer.cpp
  VectorGraphicTest.cpp
  Generating Code...
  Compiling...
  XmlReaderTest.cpp
  XmlWriterTest.cpp
  Generating Code...
  Assigment1.vcxproj -> C:\Users\Nick Coyle\Documents\Education\C++UW\UW C++\C++ Advanced\Assignment2\x64\Debug\Assigment2.exe
